<?xml version="1.0" encoding="UTF-8"?>
<testsuite xmlns:xsi="http://www.w3.org/2001/XMLSchema-instance" xsi:noNamespaceSchemaLocation="https://maven.apache.org/surefire/maven-surefire-plugin/xsd/surefire-test-report.xsd" version="3.0.2" name="springboot.fitseekcommon.FitseekCommonApplicationTests" time="0.537" tests="1" errors="1" skipped="0" failures="0">
  <properties>
    <property name="java.specification.version" value="17"/>
    <property name="sun.cpu.isalist" value="amd64"/>
    <property name="sun.jnu.encoding" value="GBK"/>
    <property name="java.class.path" value="E:\24-25学年度下半学年\私有云\FitSeek\Fitseek\Fitseek-common\target\test-classes;E:\24-25学年度下半学年\私有云\FitSeek\Fitseek\Fitseek-common\target\classes;D:\tomcatandmaven\apache-maven-3.9.9-bin\maven-repository\org\springframework\boot\spring-boot-starter\3.4.4\spring-boot-starter-3.4.4.jar;D:\tomcatandmaven\apache-maven-3.9.9-bin\maven-repository\org\springframework\boot\spring-boot\3.4.4\spring-boot-3.4.4.jar;D:\tomcatandmaven\apache-maven-3.9.9-bin\maven-repository\org\springframework\spring-context\6.2.5\spring-context-6.2.5.jar;D:\tomcatandmaven\apache-maven-3.9.9-bin\maven-repository\org\springframework\boot\spring-boot-autoconfigure\3.4.4\spring-boot-autoconfigure-3.4.4.jar;D:\tomcatandmaven\apache-maven-3.9.9-bin\maven-repository\org\springframework\boot\spring-boot-starter-logging\3.4.4\spring-boot-starter-logging-3.4.4.jar;D:\tomcatandmaven\apache-maven-3.9.9-bin\maven-repository\ch\qos\logback\logback-classic\1.5.18\logback-classic-1.5.18.jar;D:\tomcatandmaven\apache-maven-3.9.9-bin\maven-repository\ch\qos\logback\logback-core\1.5.18\logback-core-1.5.18.jar;D:\tomcatandmaven\apache-maven-3.9.9-bin\maven-repository\org\apache\logging\log4j\log4j-to-slf4j\2.24.3\log4j-to-slf4j-2.24.3.jar;D:\tomcatandmaven\apache-maven-3.9.9-bin\maven-repository\org\apache\logging\log4j\log4j-api\2.24.3\log4j-api-2.24.3.jar;D:\tomcatandmaven\apache-maven-3.9.9-bin\maven-repository\org\slf4j\jul-to-slf4j\2.0.17\jul-to-slf4j-2.0.17.jar;D:\tomcatandmaven\apache-maven-3.9.9-bin\maven-repository\jakarta\annotation\jakarta.annotation-api\2.1.1\jakarta.annotation-api-2.1.1.jar;D:\tomcatandmaven\apache-maven-3.9.9-bin\maven-repository\org\springframework\spring-core\6.2.5\spring-core-6.2.5.jar;D:\tomcatandmaven\apache-maven-3.9.9-bin\maven-repository\org\springframework\spring-jcl\6.2.5\spring-jcl-6.2.5.jar;D:\tomcatandmaven\apache-maven-3.9.9-bin\maven-repository\org\yaml\snakeyaml\2.3\snakeyaml-2.3.jar;D:\tomcatandmaven\apache-maven-3.9.9-bin\maven-repository\com\baomidou\mybatis-plus\3.5.11\mybatis-plus-3.5.11.jar;D:\tomcatandmaven\apache-maven-3.9.9-bin\maven-repository\com\baomidou\mybatis-plus-core\3.5.11\mybatis-plus-core-3.5.11.jar;D:\tomcatandmaven\apache-maven-3.9.9-bin\maven-repository\com\baomidou\mybatis-plus-annotation\3.5.11\mybatis-plus-annotation-3.5.11.jar;D:\tomcatandmaven\apache-maven-3.9.9-bin\maven-repository\com\baomidou\mybatis-plus-spring\3.5.11\mybatis-plus-spring-3.5.11.jar;D:\tomcatandmaven\apache-maven-3.9.9-bin\maven-repository\com\baomidou\mybatis-plus-extension\3.5.11\mybatis-plus-extension-3.5.11.jar;D:\tomcatandmaven\apache-maven-3.9.9-bin\maven-repository\org\mybatis\mybatis\3.5.19\mybatis-3.5.19.jar;D:\tomcatandmaven\apache-maven-3.9.9-bin\maven-repository\org\springframework\boot\spring-boot-starter-web\3.4.4\spring-boot-starter-web-3.4.4.jar;D:\tomcatandmaven\apache-maven-3.9.9-bin\maven-repository\org\springframework\boot\spring-boot-starter-json\3.4.4\spring-boot-starter-json-3.4.4.jar;D:\tomcatandmaven\apache-maven-3.9.9-bin\maven-repository\com\fasterxml\jackson\core\jackson-databind\2.18.3\jackson-databind-2.18.3.jar;D:\tomcatandmaven\apache-maven-3.9.9-bin\maven-repository\com\fasterxml\jackson\core\jackson-annotations\2.18.3\jackson-annotations-2.18.3.jar;D:\tomcatandmaven\apache-maven-3.9.9-bin\maven-repository\com\fasterxml\jackson\core\jackson-core\2.18.3\jackson-core-2.18.3.jar;D:\tomcatandmaven\apache-maven-3.9.9-bin\maven-repository\com\fasterxml\jackson\datatype\jackson-datatype-jdk8\2.18.3\jackson-datatype-jdk8-2.18.3.jar;D:\tomcatandmaven\apache-maven-3.9.9-bin\maven-repository\com\fasterxml\jackson\datatype\jackson-datatype-jsr310\2.18.3\jackson-datatype-jsr310-2.18.3.jar;D:\tomcatandmaven\apache-maven-3.9.9-bin\maven-repository\com\fasterxml\jackson\module\jackson-module-parameter-names\2.18.3\jackson-module-parameter-names-2.18.3.jar;D:\tomcatandmaven\apache-maven-3.9.9-bin\maven-repository\org\springframework\boot\spring-boot-starter-tomcat\3.4.4\spring-boot-starter-tomcat-3.4.4.jar;D:\tomcatandmaven\apache-maven-3.9.9-bin\maven-repository\org\apache\tomcat\embed\tomcat-embed-core\10.1.39\tomcat-embed-core-10.1.39.jar;D:\tomcatandmaven\apache-maven-3.9.9-bin\maven-repository\org\apache\tomcat\embed\tomcat-embed-el\10.1.39\tomcat-embed-el-10.1.39.jar;D:\tomcatandmaven\apache-maven-3.9.9-bin\maven-repository\org\apache\tomcat\embed\tomcat-embed-websocket\10.1.39\tomcat-embed-websocket-10.1.39.jar;D:\tomcatandmaven\apache-maven-3.9.9-bin\maven-repository\org\springframework\spring-web\6.2.5\spring-web-6.2.5.jar;D:\tomcatandmaven\apache-maven-3.9.9-bin\maven-repository\org\springframework\spring-beans\6.2.5\spring-beans-6.2.5.jar;D:\tomcatandmaven\apache-maven-3.9.9-bin\maven-repository\io\micrometer\micrometer-observation\1.14.5\micrometer-observation-1.14.5.jar;D:\tomcatandmaven\apache-maven-3.9.9-bin\maven-repository\io\micrometer\micrometer-commons\1.14.5\micrometer-commons-1.14.5.jar;D:\tomcatandmaven\apache-maven-3.9.9-bin\maven-repository\org\springframework\spring-webmvc\6.2.5\spring-webmvc-6.2.5.jar;D:\tomcatandmaven\apache-maven-3.9.9-bin\maven-repository\org\springframework\spring-aop\6.2.5\spring-aop-6.2.5.jar;D:\tomcatandmaven\apache-maven-3.9.9-bin\maven-repository\org\springframework\spring-expression\6.2.5\spring-expression-6.2.5.jar;D:\tomcatandmaven\apache-maven-3.9.9-bin\maven-repository\org\springframework\boot\spring-boot-configuration-processor\3.4.4\spring-boot-configuration-processor-3.4.4.jar;D:\tomcatandmaven\apache-maven-3.9.9-bin\maven-repository\org\projectlombok\lombok\1.18.36\lombok-1.18.36.jar;D:\tomcatandmaven\apache-maven-3.9.9-bin\maven-repository\org\springframework\boot\spring-boot-starter-test\3.4.4\spring-boot-starter-test-3.4.4.jar;D:\tomcatandmaven\apache-maven-3.9.9-bin\maven-repository\org\springframework\boot\spring-boot-test\3.4.4\spring-boot-test-3.4.4.jar;D:\tomcatandmaven\apache-maven-3.9.9-bin\maven-repository\org\springframework\boot\spring-boot-test-autoconfigure\3.4.4\spring-boot-test-autoconfigure-3.4.4.jar;D:\tomcatandmaven\apache-maven-3.9.9-bin\maven-repository\com\jayway\jsonpath\json-path\2.9.0\json-path-2.9.0.jar;D:\tomcatandmaven\apache-maven-3.9.9-bin\maven-repository\org\slf4j\slf4j-api\2.0.17\slf4j-api-2.0.17.jar;D:\tomcatandmaven\apache-maven-3.9.9-bin\maven-repository\jakarta\xml\bind\jakarta.xml.bind-api\4.0.2\jakarta.xml.bind-api-4.0.2.jar;D:\tomcatandmaven\apache-maven-3.9.9-bin\maven-repository\jakarta\activation\jakarta.activation-api\2.1.3\jakarta.activation-api-2.1.3.jar;D:\tomcatandmaven\apache-maven-3.9.9-bin\maven-repository\net\minidev\json-smart\2.5.2\json-smart-2.5.2.jar;D:\tomcatandmaven\apache-maven-3.9.9-bin\maven-repository\net\minidev\accessors-smart\2.5.2\accessors-smart-2.5.2.jar;D:\tomcatandmaven\apache-maven-3.9.9-bin\maven-repository\org\ow2\asm\asm\9.7.1\asm-9.7.1.jar;D:\tomcatandmaven\apache-maven-3.9.9-bin\maven-repository\org\assertj\assertj-core\3.26.3\assertj-core-3.26.3.jar;D:\tomcatandmaven\apache-maven-3.9.9-bin\maven-repository\net\bytebuddy\byte-buddy\1.15.11\byte-buddy-1.15.11.jar;D:\tomcatandmaven\apache-maven-3.9.9-bin\maven-repository\org\awaitility\awaitility\4.2.2\awaitility-4.2.2.jar;D:\tomcatandmaven\apache-maven-3.9.9-bin\maven-repository\org\hamcrest\hamcrest\2.2\hamcrest-2.2.jar;D:\tomcatandmaven\apache-maven-3.9.9-bin\maven-repository\org\junit\jupiter\junit-jupiter\5.11.4\junit-jupiter-5.11.4.jar;D:\tomcatandmaven\apache-maven-3.9.9-bin\maven-repository\org\junit\jupiter\junit-jupiter-api\5.11.4\junit-jupiter-api-5.11.4.jar;D:\tomcatandmaven\apache-maven-3.9.9-bin\maven-repository\org\opentest4j\opentest4j\1.3.0\opentest4j-1.3.0.jar;D:\tomcatandmaven\apache-maven-3.9.9-bin\maven-repository\org\junit\platform\junit-platform-commons\1.11.4\junit-platform-commons-1.11.4.jar;D:\tomcatandmaven\apache-maven-3.9.9-bin\maven-repository\org\apiguardian\apiguardian-api\1.1.2\apiguardian-api-1.1.2.jar;D:\tomcatandmaven\apache-maven-3.9.9-bin\maven-repository\org\junit\jupiter\junit-jupiter-params\5.11.4\junit-jupiter-params-5.11.4.jar;D:\tomcatandmaven\apache-maven-3.9.9-bin\maven-repository\org\junit\jupiter\junit-jupiter-engine\5.11.4\junit-jupiter-engine-5.11.4.jar;D:\tomcatandmaven\apache-maven-3.9.9-bin\maven-repository\org\junit\platform\junit-platform-engine\1.11.4\junit-platform-engine-1.11.4.jar;D:\tomcatandmaven\apache-maven-3.9.9-bin\maven-repository\org\mockito\mockito-core\5.14.2\mockito-core-5.14.2.jar;D:\tomcatandmaven\apache-maven-3.9.9-bin\maven-repository\net\bytebuddy\byte-buddy-agent\1.15.11\byte-buddy-agent-1.15.11.jar;D:\tomcatandmaven\apache-maven-3.9.9-bin\maven-repository\org\objenesis\objenesis\3.3\objenesis-3.3.jar;D:\tomcatandmaven\apache-maven-3.9.9-bin\maven-repository\org\mockito\mockito-junit-jupiter\5.14.2\mockito-junit-jupiter-5.14.2.jar;D:\tomcatandmaven\apache-maven-3.9.9-bin\maven-repository\org\skyscreamer\jsonassert\1.5.3\jsonassert-1.5.3.jar;D:\tomcatandmaven\apache-maven-3.9.9-bin\maven-repository\com\vaadin\external\google\android-json\0.0.20131108.vaadin1\android-json-0.0.20131108.vaadin1.jar;D:\tomcatandmaven\apache-maven-3.9.9-bin\maven-repository\org\springframework\spring-test\6.2.5\spring-test-6.2.5.jar;D:\tomcatandmaven\apache-maven-3.9.9-bin\maven-repository\org\xmlunit\xmlunit-core\2.10.0\xmlunit-core-2.10.0.jar;"/>
    <property name="java.vm.vendor" value="Oracle Corporation"/>
    <property name="sun.arch.data.model" value="64"/>
    <property name="user.variant" value=""/>
    <property name="java.vendor.url" value="https://java.oracle.com/"/>
    <property name="user.timezone" value="Asia/Shanghai"/>
    <property name="os.name" value="Windows 10"/>
    <property name="java.vm.specification.version" value="17"/>
    <property name="sun.java.launcher" value="SUN_STANDARD"/>
    <property name="user.country" value="CN"/>
    <property name="sun.boot.library.path" value="D:\Java\bin"/>
    <property name="sun.java.command" value="D:\Tempfile\AppData\Local\Temp\surefire14149425668553210669\surefirebooter-20250423195313442_3.jar D:\Tempfile\AppData\Local\Temp\surefire14149425668553210669 2025-04-23T19-52-45_924-jvmRun1 surefire-20250423195313442_1tmp surefire_0-20250423195313442_2tmp"/>
    <property name="jdk.debug" value="release"/>
    <property name="surefire.test.class.path" value="E:\24-25学年度下半学年\私有云\FitSeek\Fitseek\Fitseek-common\target\test-classes;E:\24-25学年度下半学年\私有云\FitSeek\Fitseek\Fitseek-common\target\classes;D:\tomcatandmaven\apache-maven-3.9.9-bin\maven-repository\org\springframework\boot\spring-boot-starter\3.4.4\spring-boot-starter-3.4.4.jar;D:\tomcatandmaven\apache-maven-3.9.9-bin\maven-repository\org\springframework\boot\spring-boot\3.4.4\spring-boot-3.4.4.jar;D:\tomcatandmaven\apache-maven-3.9.9-bin\maven-repository\org\springframework\spring-context\6.2.5\spring-context-6.2.5.jar;D:\tomcatandmaven\apache-maven-3.9.9-bin\maven-repository\org\springframework\boot\spring-boot-autoconfigure\3.4.4\spring-boot-autoconfigure-3.4.4.jar;D:\tomcatandmaven\apache-maven-3.9.9-bin\maven-repository\org\springframework\boot\spring-boot-starter-logging\3.4.4\spring-boot-starter-logging-3.4.4.jar;D:\tomcatandmaven\apache-maven-3.9.9-bin\maven-repository\ch\qos\logback\logback-classic\1.5.18\logback-classic-1.5.18.jar;D:\tomcatandmaven\apache-maven-3.9.9-bin\maven-repository\ch\qos\logback\logback-core\1.5.18\logback-core-1.5.18.jar;D:\tomcatandmaven\apache-maven-3.9.9-bin\maven-repository\org\apache\logging\log4j\log4j-to-slf4j\2.24.3\log4j-to-slf4j-2.24.3.jar;D:\tomcatandmaven\apache-maven-3.9.9-bin\maven-repository\org\apache\logging\log4j\log4j-api\2.24.3\log4j-api-2.24.3.jar;D:\tomcatandmaven\apache-maven-3.9.9-bin\maven-repository\org\slf4j\jul-to-slf4j\2.0.17\jul-to-slf4j-2.0.17.jar;D:\tomcatandmaven\apache-maven-3.9.9-bin\maven-repository\jakarta\annotation\jakarta.annotation-api\2.1.1\jakarta.annotation-api-2.1.1.jar;D:\tomcatandmaven\apache-maven-3.9.9-bin\maven-repository\org\springframework\spring-core\6.2.5\spring-core-6.2.5.jar;D:\tomcatandmaven\apache-maven-3.9.9-bin\maven-repository\org\springframework\spring-jcl\6.2.5\spring-jcl-6.2.5.jar;D:\tomcatandmaven\apache-maven-3.9.9-bin\maven-repository\org\yaml\snakeyaml\2.3\snakeyaml-2.3.jar;D:\tomcatandmaven\apache-maven-3.9.9-bin\maven-repository\com\baomidou\mybatis-plus\3.5.11\mybatis-plus-3.5.11.jar;D:\tomcatandmaven\apache-maven-3.9.9-bin\maven-repository\com\baomidou\mybatis-plus-core\3.5.11\mybatis-plus-core-3.5.11.jar;D:\tomcatandmaven\apache-maven-3.9.9-bin\maven-repository\com\baomidou\mybatis-plus-annotation\3.5.11\mybatis-plus-annotation-3.5.11.jar;D:\tomcatandmaven\apache-maven-3.9.9-bin\maven-repository\com\baomidou\mybatis-plus-spring\3.5.11\mybatis-plus-spring-3.5.11.jar;D:\tomcatandmaven\apache-maven-3.9.9-bin\maven-repository\com\baomidou\mybatis-plus-extension\3.5.11\mybatis-plus-extension-3.5.11.jar;D:\tomcatandmaven\apache-maven-3.9.9-bin\maven-repository\org\mybatis\mybatis\3.5.19\mybatis-3.5.19.jar;D:\tomcatandmaven\apache-maven-3.9.9-bin\maven-repository\org\springframework\boot\spring-boot-starter-web\3.4.4\spring-boot-starter-web-3.4.4.jar;D:\tomcatandmaven\apache-maven-3.9.9-bin\maven-repository\org\springframework\boot\spring-boot-starter-json\3.4.4\spring-boot-starter-json-3.4.4.jar;D:\tomcatandmaven\apache-maven-3.9.9-bin\maven-repository\com\fasterxml\jackson\core\jackson-databind\2.18.3\jackson-databind-2.18.3.jar;D:\tomcatandmaven\apache-maven-3.9.9-bin\maven-repository\com\fasterxml\jackson\core\jackson-annotations\2.18.3\jackson-annotations-2.18.3.jar;D:\tomcatandmaven\apache-maven-3.9.9-bin\maven-repository\com\fasterxml\jackson\core\jackson-core\2.18.3\jackson-core-2.18.3.jar;D:\tomcatandmaven\apache-maven-3.9.9-bin\maven-repository\com\fasterxml\jackson\datatype\jackson-datatype-jdk8\2.18.3\jackson-datatype-jdk8-2.18.3.jar;D:\tomcatandmaven\apache-maven-3.9.9-bin\maven-repository\com\fasterxml\jackson\datatype\jackson-datatype-jsr310\2.18.3\jackson-datatype-jsr310-2.18.3.jar;D:\tomcatandmaven\apache-maven-3.9.9-bin\maven-repository\com\fasterxml\jackson\module\jackson-module-parameter-names\2.18.3\jackson-module-parameter-names-2.18.3.jar;D:\tomcatandmaven\apache-maven-3.9.9-bin\maven-repository\org\springframework\boot\spring-boot-starter-tomcat\3.4.4\spring-boot-starter-tomcat-3.4.4.jar;D:\tomcatandmaven\apache-maven-3.9.9-bin\maven-repository\org\apache\tomcat\embed\tomcat-embed-core\10.1.39\tomcat-embed-core-10.1.39.jar;D:\tomcatandmaven\apache-maven-3.9.9-bin\maven-repository\org\apache\tomcat\embed\tomcat-embed-el\10.1.39\tomcat-embed-el-10.1.39.jar;D:\tomcatandmaven\apache-maven-3.9.9-bin\maven-repository\org\apache\tomcat\embed\tomcat-embed-websocket\10.1.39\tomcat-embed-websocket-10.1.39.jar;D:\tomcatandmaven\apache-maven-3.9.9-bin\maven-repository\org\springframework\spring-web\6.2.5\spring-web-6.2.5.jar;D:\tomcatandmaven\apache-maven-3.9.9-bin\maven-repository\org\springframework\spring-beans\6.2.5\spring-beans-6.2.5.jar;D:\tomcatandmaven\apache-maven-3.9.9-bin\maven-repository\io\micrometer\micrometer-observation\1.14.5\micrometer-observation-1.14.5.jar;D:\tomcatandmaven\apache-maven-3.9.9-bin\maven-repository\io\micrometer\micrometer-commons\1.14.5\micrometer-commons-1.14.5.jar;D:\tomcatandmaven\apache-maven-3.9.9-bin\maven-repository\org\springframework\spring-webmvc\6.2.5\spring-webmvc-6.2.5.jar;D:\tomcatandmaven\apache-maven-3.9.9-bin\maven-repository\org\springframework\spring-aop\6.2.5\spring-aop-6.2.5.jar;D:\tomcatandmaven\apache-maven-3.9.9-bin\maven-repository\org\springframework\spring-expression\6.2.5\spring-expression-6.2.5.jar;D:\tomcatandmaven\apache-maven-3.9.9-bin\maven-repository\org\springframework\boot\spring-boot-configuration-processor\3.4.4\spring-boot-configuration-processor-3.4.4.jar;D:\tomcatandmaven\apache-maven-3.9.9-bin\maven-repository\org\projectlombok\lombok\1.18.36\lombok-1.18.36.jar;D:\tomcatandmaven\apache-maven-3.9.9-bin\maven-repository\org\springframework\boot\spring-boot-starter-test\3.4.4\spring-boot-starter-test-3.4.4.jar;D:\tomcatandmaven\apache-maven-3.9.9-bin\maven-repository\org\springframework\boot\spring-boot-test\3.4.4\spring-boot-test-3.4.4.jar;D:\tomcatandmaven\apache-maven-3.9.9-bin\maven-repository\org\springframework\boot\spring-boot-test-autoconfigure\3.4.4\spring-boot-test-autoconfigure-3.4.4.jar;D:\tomcatandmaven\apache-maven-3.9.9-bin\maven-repository\com\jayway\jsonpath\json-path\2.9.0\json-path-2.9.0.jar;D:\tomcatandmaven\apache-maven-3.9.9-bin\maven-repository\org\slf4j\slf4j-api\2.0.17\slf4j-api-2.0.17.jar;D:\tomcatandmaven\apache-maven-3.9.9-bin\maven-repository\jakarta\xml\bind\jakarta.xml.bind-api\4.0.2\jakarta.xml.bind-api-4.0.2.jar;D:\tomcatandmaven\apache-maven-3.9.9-bin\maven-repository\jakarta\activation\jakarta.activation-api\2.1.3\jakarta.activation-api-2.1.3.jar;D:\tomcatandmaven\apache-maven-3.9.9-bin\maven-repository\net\minidev\json-smart\2.5.2\json-smart-2.5.2.jar;D:\tomcatandmaven\apache-maven-3.9.9-bin\maven-repository\net\minidev\accessors-smart\2.5.2\accessors-smart-2.5.2.jar;D:\tomcatandmaven\apache-maven-3.9.9-bin\maven-repository\org\ow2\asm\asm\9.7.1\asm-9.7.1.jar;D:\tomcatandmaven\apache-maven-3.9.9-bin\maven-repository\org\assertj\assertj-core\3.26.3\assertj-core-3.26.3.jar;D:\tomcatandmaven\apache-maven-3.9.9-bin\maven-repository\net\bytebuddy\byte-buddy\1.15.11\byte-buddy-1.15.11.jar;D:\tomcatandmaven\apache-maven-3.9.9-bin\maven-repository\org\awaitility\awaitility\4.2.2\awaitility-4.2.2.jar;D:\tomcatandmaven\apache-maven-3.9.9-bin\maven-repository\org\hamcrest\hamcrest\2.2\hamcrest-2.2.jar;D:\tomcatandmaven\apache-maven-3.9.9-bin\maven-repository\org\junit\jupiter\junit-jupiter\5.11.4\junit-jupiter-5.11.4.jar;D:\tomcatandmaven\apache-maven-3.9.9-bin\maven-repository\org\junit\jupiter\junit-jupiter-api\5.11.4\junit-jupiter-api-5.11.4.jar;D:\tomcatandmaven\apache-maven-3.9.9-bin\maven-repository\org\opentest4j\opentest4j\1.3.0\opentest4j-1.3.0.jar;D:\tomcatandmaven\apache-maven-3.9.9-bin\maven-repository\org\junit\platform\junit-platform-commons\1.11.4\junit-platform-commons-1.11.4.jar;D:\tomcatandmaven\apache-maven-3.9.9-bin\maven-repository\org\apiguardian\apiguardian-api\1.1.2\apiguardian-api-1.1.2.jar;D:\tomcatandmaven\apache-maven-3.9.9-bin\maven-repository\org\junit\jupiter\junit-jupiter-params\5.11.4\junit-jupiter-params-5.11.4.jar;D:\tomcatandmaven\apache-maven-3.9.9-bin\maven-repository\org\junit\jupiter\junit-jupiter-engine\5.11.4\junit-jupiter-engine-5.11.4.jar;D:\tomcatandmaven\apache-maven-3.9.9-bin\maven-repository\org\junit\platform\junit-platform-engine\1.11.4\junit-platform-engine-1.11.4.jar;D:\tomcatandmaven\apache-maven-3.9.9-bin\maven-repository\org\mockito\mockito-core\5.14.2\mockito-core-5.14.2.jar;D:\tomcatandmaven\apache-maven-3.9.9-bin\maven-repository\net\bytebuddy\byte-buddy-agent\1.15.11\byte-buddy-agent-1.15.11.jar;D:\tomcatandmaven\apache-maven-3.9.9-bin\maven-repository\org\objenesis\objenesis\3.3\objenesis-3.3.jar;D:\tomcatandmaven\apache-maven-3.9.9-bin\maven-repository\org\mockito\mockito-junit-jupiter\5.14.2\mockito-junit-jupiter-5.14.2.jar;D:\tomcatandmaven\apache-maven-3.9.9-bin\maven-repository\org\skyscreamer\jsonassert\1.5.3\jsonassert-1.5.3.jar;D:\tomcatandmaven\apache-maven-3.9.9-bin\maven-repository\com\vaadin\external\google\android-json\0.0.20131108.vaadin1\android-json-0.0.20131108.vaadin1.jar;D:\tomcatandmaven\apache-maven-3.9.9-bin\maven-repository\org\springframework\spring-test\6.2.5\spring-test-6.2.5.jar;D:\tomcatandmaven\apache-maven-3.9.9-bin\maven-repository\org\xmlunit\xmlunit-core\2.10.0\xmlunit-core-2.10.0.jar;"/>
    <property name="sun.cpu.endian" value="little"/>
    <property name="user.home" value="C:\Users\Yu&apos;S&apos;hui&apos;shen"/>
    <property name="user.language" value="zh"/>
    <property name="java.specification.vendor" value="Oracle Corporation"/>
    <property name="java.version.date" value="2023-01-17"/>
    <property name="java.home" value="D:\Java"/>
    <property name="file.separator" value="\"/>
    <property name="basedir" value="E:\24-25学年度下半学年\私有云\FitSeek\Fitseek\Fitseek-common"/>
    <property name="java.vm.compressedOopsMode" value="Zero based"/>
    <property name="line.separator" value="&#10;"/>
    <property name="java.vm.specification.vendor" value="Oracle Corporation"/>
    <property name="java.specification.name" value="Java Platform API Specification"/>
    <property name="surefire.real.class.path" value="D:\Tempfile\AppData\Local\Temp\surefire14149425668553210669\surefirebooter-20250423195313442_3.jar"/>
    <property name="user.script" value=""/>
    <property name="sun.management.compiler" value="HotSpot 64-Bit Tiered Compilers"/>
    <property name="java.runtime.version" value="17.0.6+9-LTS-190"/>
    <property name="user.name" value="Yu&apos;S&apos;hui&apos;shen"/>
    <property name="path.separator" value=";"/>
    <property name="os.version" value="10.0"/>
    <property name="java.runtime.name" value="Java(TM) SE Runtime Environment"/>
    <property name="file.encoding" value="GBK"/>
    <property name="java.vm.name" value="Java HotSpot(TM) 64-Bit Server VM"/>
    <property name="localRepository" value="D:\tomcatandmaven\apache-maven-3.9.9-bin\maven-repository"/>
    <property name="java.vendor.url.bug" value="https://bugreport.java.com/bugreport/"/>
    <property name="java.io.tmpdir" value="D:\Tempfile\AppData\Local\Temp\"/>
    <property name="java.version" value="17.0.6"/>
    <property name="user.dir" value="E:\24-25学年度下半学年\私有云\FitSeek\Fitseek\Fitseek-common"/>
    <property name="os.arch" value="amd64"/>
    <property name="java.vm.specification.name" value="Java Virtual Machine Specification"/>
    <property name="sun.os.patch.level" value=""/>
    <property name="native.encoding" value="GBK"/>
    <property name="java.library.path" value="D:\Java\bin;C:\Windows\Sun\Java\bin;C:\Windows\system32;C:\Windows;c:\Users\Yu&apos;S&apos;hui&apos;shen\AppData\Local\Programs\cursor\resources\app\bin;D:\pythonRlease\Scripts\;D:\pythonRlease\;D:\VM\bin\;C:\Program Files\Common Files\Oracle\Java\javapath;C:\Windows\system32;C:\Windows;C:\Windows\System32\Wbem;C:\Windows\System32\WindowsPowerShell\v1.0\;C:\Windows\System32\OpenSSH\;C:\Program Files\Microsoft SQL Server\Client SDK\ODBC\110\Tools\Binn\;C:\Program Files (x86)\Microsoft SQL Server\120\Tools\Binn\;C:\Program Files\Microsoft SQL Server\120\Tools\Binn\;C:\Program Files\Microsoft SQL Server\120\DTS\Binn\;C:\Program Files (x86)\Windows Kits\8.1\Windows Performance Toolkit\;D:\Java\bin;C:\Program Files\NVIDIA Corporation\Nsight Compute 2023.1.0\;C:\Program Files\NVIDIA GPU Computing Toolkit\CUDA\v12.1\bin;C:\Program Files\NVIDIA GPU Computing Toolkit\CUDA\v12.1\include;C:\Program Files\NVI;c:\Users\Yu&apos;S&apos;hui&apos;shen\AppData\Local\Programs\cursor\resources\app\bin;D:\SoftPackage\Redis-x64-5.0.14.1;D:\SoftPackage\OpenSSL-Win64\bin;D:\Mysql\bin;C:\Program Files\NVIDIA Corporation\NVIDIA app\NvDLISR;D:\SoftPackage\Git\cmd;D:\SoftPackage\TraeClaude\bin;D:\SoftPackage\;D:\Xftp8\;D:\pycharm\Scripts\;D:\pycharm\;C:\Users\Yu&apos;S&apos;hui&apos;shen\AppData\Local\Microsoft\WindowsApps;D:\vscode\Microsoft VS Code\bin;C:\Program Files\NVIDIA GPU Computing Toolkit\CUDA\v11.7\bin;D:\余水深\pycharm\PyCharm 2023.1.1\bin;D:\余水深\pycharm\PyCharm Community Edition 2023.1.1\bin;C:\Users\Yu&apos;S&apos;hui&apos;shen\AppData\Local\Programs\Ollama;D:\Dev c++\Dev-Cpp\MinGW64\bin;D:\datagrip\DataGrip 2024.2.2\bin;D:\mysql_workbench\MySQLWorkbench.exe;D:\node.js\node_global;D:\terminal\WindowsTerminal.exe;D:\IntelliJ IDEA 2024.1.4\bin;D:\tomcatandmaven\apache-tomcat-10.1.28-windows-x64\apache-tomcat-10.1.28\bin;D:\tomcatandmaven\apache-maven-3.9.9-bin\apache-maven-3.9.9\bin;E:\NVM\nvm;E:\NVM\nodejs;D:\SoftPackage\Redis-x64-5.0.14.1;D:\SoftPackage\OpenSSL-Win64\bin;D:\Mysql\bin;C:\Users\Yu&apos;S&apos;hui&apos;shen\AppData\Local\GitHubDesktop\bin;."/>
    <property name="java.vm.info" value="mixed mode, sharing"/>
    <property name="java.vendor" value="Oracle Corporation"/>
    <property name="java.vm.version" value="17.0.6+9-LTS-190"/>
    <property name="sun.io.unicode.encoding" value="UnicodeLittle"/>
    <property name="java.class.version" value="61.0"/>
  </properties>
  <testcase name="" classname="springboot.fitseekcommon.FitseekCommonApplicationTests" time="0.537">
    <error message="Unable to find a @SpringBootConfiguration by searching packages upwards from the test. You can use @ContextConfiguration, @SpringBootTest(classes=...) or other Spring Test supported mechanisms to explicitly declare the configuration classes to load. Classes annotated with @TestConfiguration are not considered." type="java.lang.IllegalStateException"><![CDATA[java.lang.IllegalStateException: Unable to find a @SpringBootConfiguration by searching packages upwards from the test. You can use @ContextConfiguration, @SpringBootTest(classes=...) or other Spring Test supported mechanisms to explicitly declare the configuration classes to load. Classes annotated with @TestConfiguration are not considered.
	at org.springframework.util.Assert.state(Assert.java:79)
	at org.springframework.boot.test.context.SpringBootTestContextBootstrapper.findConfigurationClass(SpringBootTestContextBootstrapper.java:246)
	at org.springframework.boot.test.context.SpringBootTestContextBootstrapper.getOrFindConfigurationClasses(SpringBootTestContextBootstrapper.java:233)
	at org.springframework.boot.test.context.SpringBootTestContextBootstrapper.processMergedContextConfiguration(SpringBootTestContextBootstrapper.java:150)
	at org.springframework.test.context.support.AbstractTestContextBootstrapper.buildMergedContextConfiguration(AbstractTestContextBootstrapper.java:351)
	at org.springframework.test.context.support.AbstractTestContextBootstrapper.buildDefaultMergedContextConfiguration(AbstractTestContextBootstrapper.java:267)
	at org.springframework.test.context.support.AbstractTestContextBootstrapper.buildMergedContextConfiguration(AbstractTestContextBootstrapper.java:215)
	at org.springframework.test.context.support.AbstractTestContextBootstrapper.buildTestContext(AbstractTestContextBootstrapper.java:108)
	at org.springframework.boot.test.context.SpringBootTestContextBootstrapper.buildTestContext(SpringBootTestContextBootstrapper.java:111)
	at org.springframework.test.context.TestContextManager.<init>(TestContextManager.java:142)
	at org.springframework.test.context.TestContextManager.<init>(TestContextManager.java:126)
	at org.springframework.test.context.junit.jupiter.SpringExtension.getTestContextManager(SpringExtension.java:363)
	at org.springframework.test.context.junit.jupiter.SpringExtension.beforeAll(SpringExtension.java:128)
	at java.base/java.util.ArrayList.forEach(ArrayList.java:1511)
]]></error>
    <system-out><![CDATA[19:53:15.377 [main] INFO org.springframework.test.context.support.AnnotationConfigContextLoaderUtils -- Could not detect default configuration classes for test class [springboot.fitseekcommon.FitseekCommonApplicationTests]: FitseekCommonApplicationTests does not declare any static, non-private, non-final, nested classes annotated with @Configuration.
]]></system-out>
  </testcase>
</testsuite>